2022-08-23 21:44:36.429  INFO 16208 --- [main] c.g.g.GestionOrquestasApplication        : Starting GestionOrquestasApplication using Java 1.8.0_302 on DESKTOP-0MNSHH6 with PID 16208 (D:\Descargas\gestion_orquestas\target\classes started by arakn in D:\Descargas\gestion_orquestas)
2022-08-23 21:44:36.442  INFO 16208 --- [main] c.g.g.GestionOrquestasApplication        : No active profile set, falling back to default profiles: default
2022-08-23 21:44:38.004  INFO 16208 --- [main] .s.d.r.c.RepositoryConfigurationDelegate : Bootstrapping Spring Data JPA repositories in DEFAULT mode.
2022-08-23 21:44:38.134  INFO 16208 --- [main] .s.d.r.c.RepositoryConfigurationDelegate : Finished Spring Data repository scanning in 118 ms. Found 27 JPA repository interfaces.
2022-08-23 21:44:38.912  INFO 16208 --- [main] trationDelegate$BeanPostProcessorChecker : Bean 'org.springframework.security.access.expression.method.DefaultMethodSecurityExpressionHandler@4784013e' of type [org.springframework.security.access.expression.method.DefaultMethodSecurityExpressionHandler] is not eligible for getting processed by all BeanPostProcessors (for example: not eligible for auto-proxying)
2022-08-23 21:44:38.920  INFO 16208 --- [main] trationDelegate$BeanPostProcessorChecker : Bean 'methodSecurityMetadataSource' of type [org.springframework.security.access.method.DelegatingMethodSecurityMetadataSource] is not eligible for getting processed by all BeanPostProcessors (for example: not eligible for auto-proxying)
2022-08-23 21:44:39.850  INFO 16208 --- [main] o.s.b.w.embedded.tomcat.TomcatWebServer  : Tomcat initialized with port(s): 8080 (http)
2022-08-23 21:44:39.865  INFO 16208 --- [main] o.apache.catalina.core.StandardService   : Starting service [Tomcat]
2022-08-23 21:44:39.865  INFO 16208 --- [main] org.apache.catalina.core.StandardEngine  : Starting Servlet engine: [Apache Tomcat/9.0.53]
2022-08-23 21:44:40.055  INFO 16208 --- [main] o.a.c.c.C.[Tomcat].[localhost].[/]       : Initializing Spring embedded WebApplicationContext
2022-08-23 21:44:40.056  INFO 16208 --- [main] w.s.c.ServletWebServerApplicationContext : Root WebApplicationContext: initialization completed in 3437 ms
2022-08-23 21:44:40.600  INFO 16208 --- [main] o.hibernate.jpa.internal.util.LogHelper  : HHH000204: Processing PersistenceUnitInfo [name: default]
2022-08-23 21:44:40.831  INFO 16208 --- [main] org.hibernate.Version                    : HHH000412: Hibernate ORM core version 5.4.32.Final
2022-08-23 21:44:41.121  INFO 16208 --- [main] o.hibernate.annotations.common.Version   : HCANN000001: Hibernate Commons Annotations {5.1.2.Final}
2022-08-23 21:44:41.302  INFO 16208 --- [main] com.zaxxer.hikari.HikariDataSource       : HikariPool-1 - Starting...
2022-08-23 21:44:43.424  INFO 16208 --- [main] com.zaxxer.hikari.HikariDataSource       : HikariPool-1 - Start completed.
2022-08-23 21:44:43.454  INFO 16208 --- [main] org.hibernate.dialect.Dialect            : HHH000400: Using dialect: org.hibernate.dialect.PostgreSQL95Dialect
2022-08-23 21:44:44.745  WARN 16208 --- [main] org.hibernate.mapping.RootClass          : HHH000038: Composite-id class does not override equals(): com.gruposei.gestion_orquestas.model.UserClothKey
2022-08-23 21:44:44.746  WARN 16208 --- [main] org.hibernate.mapping.RootClass          : HHH000039: Composite-id class does not override hashCode(): com.gruposei.gestion_orquestas.model.UserClothKey
2022-08-23 21:44:44.746  WARN 16208 --- [main] org.hibernate.mapping.RootClass          : HHH000038: Composite-id class does not override equals(): com.gruposei.gestion_orquestas.model.SurveyQuestionAnswerKey
2022-08-23 21:44:44.746  WARN 16208 --- [main] org.hibernate.mapping.RootClass          : HHH000039: Composite-id class does not override hashCode(): com.gruposei.gestion_orquestas.model.SurveyQuestionAnswerKey
2022-08-23 21:44:44.752  WARN 16208 --- [main] org.hibernate.mapping.RootClass          : HHH000038: Composite-id class does not override equals(): com.gruposei.gestion_orquestas.model.SurveyQuestionOptionAnswerKey
2022-08-23 21:44:44.752  WARN 16208 --- [main] org.hibernate.mapping.RootClass          : HHH000039: Composite-id class does not override hashCode(): com.gruposei.gestion_orquestas.model.SurveyQuestionOptionAnswerKey
2022-08-23 21:44:48.613  INFO 16208 --- [main] o.h.e.t.j.p.i.JtaPlatformInitiator       : HHH000490: Using JtaPlatform implementation: [org.hibernate.engine.transaction.jta.platform.internal.NoJtaPlatform]
2022-08-23 21:44:48.624  INFO 16208 --- [main] j.LocalContainerEntityManagerFactoryBean : Initialized JPA EntityManagerFactory for persistence unit 'default'
2022-08-23 21:44:49.232  WARN 16208 --- [main] JpaBaseConfiguration$JpaWebConfiguration : spring.jpa.open-in-view is enabled by default. Therefore, database queries may be performed during view rendering. Explicitly configure spring.jpa.open-in-view to disable this warning
2022-08-23 21:44:50.306  INFO 16208 --- [main] o.s.s.web.DefaultSecurityFilterChain     : Will secure any request with [org.springframework.security.web.context.request.async.WebAsyncManagerIntegrationFilter@6ffdbeef, org.springframework.security.web.context.SecurityContextPersistenceFilter@73958426, org.springframework.security.web.header.HeaderWriterFilter@1031c1a0, org.springframework.security.web.authentication.logout.LogoutFilter@d229912, com.gruposei.gestion_orquestas.filters.JwtRequestFilters@5341641d, org.springframework.security.web.savedrequest.RequestCacheAwareFilter@4d0b7fd5, org.springframework.security.web.servletapi.SecurityContextHolderAwareRequestFilter@1c787389, org.springframework.security.web.authentication.AnonymousAuthenticationFilter@4a3509b0, org.springframework.security.web.session.SessionManagementFilter@31dbf5bb, org.springframework.security.web.access.ExceptionTranslationFilter@4aba7617, org.springframework.security.web.access.intercept.FilterSecurityInterceptor@79135a38]
2022-08-23 21:44:50.825  INFO 16208 --- [main] o.s.b.a.w.s.WelcomePageHandlerMapping    : Adding welcome page template: index
2022-08-23 21:44:51.275  INFO 16208 --- [main] o.s.b.w.embedded.tomcat.TomcatWebServer  : Tomcat started on port(s): 8080 (http) with context path ''
2022-08-23 21:44:51.294  INFO 16208 --- [main] c.g.g.GestionOrquestasApplication        : Started GestionOrquestasApplication in 15.508 seconds (JVM running for 16.329)
2022-08-23 21:45:06.899  INFO 16208 --- [SpringApplicationShutdownHook] j.LocalContainerEntityManagerFactoryBean : Closing JPA EntityManagerFactory for persistence unit 'default'
2022-08-23 21:45:06.900  INFO 16208 --- [SpringApplicationShutdownHook] .SchemaDropperImpl$DelayedDropActionImpl : HHH000477: Starting delayed evictData of schema as part of SessionFactory shut-down'
2022-08-23 21:45:07.014  INFO 16208 --- [SpringApplicationShutdownHook] com.zaxxer.hikari.HikariDataSource       : HikariPool-1 - Shutdown initiated...
2022-08-23 21:45:07.021  INFO 16208 --- [SpringApplicationShutdownHook] com.zaxxer.hikari.HikariDataSource       : HikariPool-1 - Shutdown completed.
